[0.070s] DEBUG:colcon:Command line arguments: ['/usr/bin/colcon', 'build', '--symlink-install']
[0.070s] DEBUG:colcon:Parsed command line arguments: Namespace(log_base=None, log_level=None, verb_name='build', build_base='build', install_base='install', merge_install=False, symlink_install=True, test_result_base=None, continue_on_error=False, executor='parallel', parallel_workers=16, event_handlers=None, ignore_user_meta=False, metas=['./colcon.meta'], base_paths=['.'], packages_ignore=None, packages_ignore_regex=None, paths=None, packages_up_to=None, packages_up_to_regex=None, packages_above=None, packages_above_and_dependencies=None, packages_above_depth=None, packages_select_by_dep=None, packages_skip_by_dep=None, packages_skip_up_to=None, packages_select_build_failed=False, packages_skip_build_finished=False, packages_select_test_failures=False, packages_skip_test_passed=False, packages_select=None, packages_skip=None, packages_select_regex=None, packages_skip_regex=None, packages_start=None, packages_end=None, allow_overriding=[], cmake_args=None, cmake_target=None, cmake_target_skip_unavailable=False, cmake_clean_cache=False, cmake_clean_first=False, cmake_force_configure=False, ament_cmake_args=None, catkin_cmake_args=None, catkin_skip_building_tests=False, mixin_files=None, mixin=None, verb_parser=<colcon_mixin.mixin.mixin_argument.MixinArgumentDecorator object at 0x7d3e5fe80940>, verb_extension=<colcon_core.verb.build.BuildVerb object at 0x7d3e5fe80490>, main=<bound method BuildVerb.main of <colcon_core.verb.build.BuildVerb object at 0x7d3e5fe80490>>, mixin_verb=('build',))
[0.189s] Level 1:colcon.colcon_core.package_discovery:discover_packages(colcon_meta) check parameters
[0.189s] Level 1:colcon.colcon_core.package_discovery:discover_packages(recursive) check parameters
[0.189s] Level 1:colcon.colcon_core.package_discovery:discover_packages(ignore) check parameters
[0.189s] Level 1:colcon.colcon_core.package_discovery:discover_packages(path) check parameters
[0.189s] Level 1:colcon.colcon_core.package_discovery:discover_packages(colcon_meta) discover
[0.189s] Level 1:colcon.colcon_core.package_discovery:discover_packages(recursive) discover
[0.189s] INFO:colcon.colcon_core.package_discovery:Crawling recursively for packages in '/home/gb/camera'
[0.189s] Level 1:colcon.colcon_core.package_identification:_identify(.) by extensions ['ignore', 'ignore_ament_install']
[0.190s] Level 1:colcon.colcon_core.package_identification:_identify(.) by extension 'ignore'
[0.190s] Level 1:colcon.colcon_core.package_identification:_identify(.) by extension 'ignore_ament_install'
[0.190s] Level 1:colcon.colcon_core.package_identification:_identify(.) by extensions ['colcon_pkg']
[0.190s] Level 1:colcon.colcon_core.package_identification:_identify(.) by extension 'colcon_pkg'
[0.190s] Level 1:colcon.colcon_core.package_identification:_identify(.) by extensions ['colcon_meta']
[0.190s] Level 1:colcon.colcon_core.package_identification:_identify(.) by extension 'colcon_meta'
[0.190s] Level 1:colcon.colcon_core.package_identification:_identify(.) by extensions ['ros']
[0.190s] Level 1:colcon.colcon_core.package_identification:_identify(.) by extension 'ros'
[0.196s] Level 1:colcon.colcon_core.package_identification:_identify(.) by extensions ['cmake', 'python']
[0.197s] Level 1:colcon.colcon_core.package_identification:_identify(.) by extension 'cmake'
[0.197s] Level 1:colcon.colcon_core.package_identification:_identify(.) by extension 'python'
[0.197s] Level 1:colcon.colcon_core.package_identification:_identify(.) by extensions ['python_setup_py']
[0.197s] Level 1:colcon.colcon_core.package_identification:_identify(.) by extension 'python_setup_py'
[0.197s] Level 1:colcon.colcon_core.package_identification:_identify(build) by extensions ['ignore', 'ignore_ament_install']
[0.197s] Level 1:colcon.colcon_core.package_identification:_identify(build) by extension 'ignore'
[0.197s] Level 1:colcon.colcon_core.package_identification:_identify(build) ignored
[0.197s] Level 1:colcon.colcon_core.package_identification:_identify(config) by extensions ['ignore', 'ignore_ament_install']
[0.197s] Level 1:colcon.colcon_core.package_identification:_identify(config) by extension 'ignore'
[0.197s] Level 1:colcon.colcon_core.package_identification:_identify(config) by extension 'ignore_ament_install'
[0.197s] Level 1:colcon.colcon_core.package_identification:_identify(config) by extensions ['colcon_pkg']
[0.197s] Level 1:colcon.colcon_core.package_identification:_identify(config) by extension 'colcon_pkg'
[0.197s] Level 1:colcon.colcon_core.package_identification:_identify(config) by extensions ['colcon_meta']
[0.197s] Level 1:colcon.colcon_core.package_identification:_identify(config) by extension 'colcon_meta'
[0.197s] Level 1:colcon.colcon_core.package_identification:_identify(config) by extensions ['ros']
[0.197s] Level 1:colcon.colcon_core.package_identification:_identify(config) by extension 'ros'
[0.197s] Level 1:colcon.colcon_core.package_identification:_identify(config) by extensions ['cmake', 'python']
[0.197s] Level 1:colcon.colcon_core.package_identification:_identify(config) by extension 'cmake'
[0.197s] Level 1:colcon.colcon_core.package_identification:_identify(config) by extension 'python'
[0.197s] Level 1:colcon.colcon_core.package_identification:_identify(config) by extensions ['python_setup_py']
[0.197s] Level 1:colcon.colcon_core.package_identification:_identify(config) by extension 'python_setup_py'
[0.197s] Level 1:colcon.colcon_core.package_identification:_identify(install) by extensions ['ignore', 'ignore_ament_install']
[0.197s] Level 1:colcon.colcon_core.package_identification:_identify(install) by extension 'ignore'
[0.197s] Level 1:colcon.colcon_core.package_identification:_identify(install) ignored
[0.197s] Level 1:colcon.colcon_core.package_identification:_identify(log) by extensions ['ignore', 'ignore_ament_install']
[0.197s] Level 1:colcon.colcon_core.package_identification:_identify(log) by extension 'ignore'
[0.197s] Level 1:colcon.colcon_core.package_identification:_identify(log) ignored
[0.198s] Level 1:colcon.colcon_core.package_identification:_identify(src) by extensions ['ignore', 'ignore_ament_install']
[0.198s] Level 1:colcon.colcon_core.package_identification:_identify(src) by extension 'ignore'
[0.198s] Level 1:colcon.colcon_core.package_identification:_identify(src) by extension 'ignore_ament_install'
[0.198s] Level 1:colcon.colcon_core.package_identification:_identify(src) by extensions ['colcon_pkg']
[0.198s] Level 1:colcon.colcon_core.package_identification:_identify(src) by extension 'colcon_pkg'
[0.198s] Level 1:colcon.colcon_core.package_identification:_identify(src) by extensions ['colcon_meta']
[0.198s] Level 1:colcon.colcon_core.package_identification:_identify(src) by extension 'colcon_meta'
[0.198s] Level 1:colcon.colcon_core.package_identification:_identify(src) by extensions ['ros']
[0.198s] Level 1:colcon.colcon_core.package_identification:_identify(src) by extension 'ros'
[0.198s] Level 1:colcon.colcon_core.package_identification:_identify(src) by extensions ['cmake', 'python']
[0.198s] Level 1:colcon.colcon_core.package_identification:_identify(src) by extension 'cmake'
[0.198s] Level 1:colcon.colcon_core.package_identification:_identify(src) by extension 'python'
[0.198s] Level 1:colcon.colcon_core.package_identification:_identify(src) by extensions ['python_setup_py']
[0.198s] Level 1:colcon.colcon_core.package_identification:_identify(src) by extension 'python_setup_py'
[0.198s] Level 1:colcon.colcon_core.package_identification:_identify(src/J_T) by extensions ['ignore', 'ignore_ament_install']
[0.198s] Level 1:colcon.colcon_core.package_identification:_identify(src/J_T) by extension 'ignore'
[0.198s] Level 1:colcon.colcon_core.package_identification:_identify(src/J_T) by extension 'ignore_ament_install'
[0.198s] Level 1:colcon.colcon_core.package_identification:_identify(src/J_T) by extensions ['colcon_pkg']
[0.198s] Level 1:colcon.colcon_core.package_identification:_identify(src/J_T) by extension 'colcon_pkg'
[0.198s] Level 1:colcon.colcon_core.package_identification:_identify(src/J_T) by extensions ['colcon_meta']
[0.198s] Level 1:colcon.colcon_core.package_identification:_identify(src/J_T) by extension 'colcon_meta'
[0.198s] Level 1:colcon.colcon_core.package_identification:_identify(src/J_T) by extensions ['ros']
[0.198s] Level 1:colcon.colcon_core.package_identification:_identify(src/J_T) by extension 'ros'
[0.201s] DEBUG:colcon.colcon_core.package_identification:Package 'src/J_T' with type 'ros.ament_python' and name 'J_T'
[0.201s] Level 1:colcon.colcon_core.package_identification:_identify(src/camera) by extensions ['ignore', 'ignore_ament_install']
[0.201s] Level 1:colcon.colcon_core.package_identification:_identify(src/camera) by extension 'ignore'
[0.201s] Level 1:colcon.colcon_core.package_identification:_identify(src/camera) by extension 'ignore_ament_install'
[0.201s] Level 1:colcon.colcon_core.package_identification:_identify(src/camera) by extensions ['colcon_pkg']
[0.201s] Level 1:colcon.colcon_core.package_identification:_identify(src/camera) by extension 'colcon_pkg'
[0.201s] Level 1:colcon.colcon_core.package_identification:_identify(src/camera) by extensions ['colcon_meta']
[0.201s] Level 1:colcon.colcon_core.package_identification:_identify(src/camera) by extension 'colcon_meta'
[0.201s] Level 1:colcon.colcon_core.package_identification:_identify(src/camera) by extensions ['ros']
[0.201s] Level 1:colcon.colcon_core.package_identification:_identify(src/camera) by extension 'ros'
[0.201s] DEBUG:colcon.colcon_core.package_identification:Package 'src/camera' with type 'ros.ament_python' and name 'camera'
[0.201s] Level 1:colcon.colcon_core.package_identification:_identify(src/cv-AGX-5G) by extensions ['ignore', 'ignore_ament_install']
[0.201s] Level 1:colcon.colcon_core.package_identification:_identify(src/cv-AGX-5G) by extension 'ignore'
[0.201s] Level 1:colcon.colcon_core.package_identification:_identify(src/cv-AGX-5G) by extension 'ignore_ament_install'
[0.201s] Level 1:colcon.colcon_core.package_identification:_identify(src/cv-AGX-5G) by extensions ['colcon_pkg']
[0.201s] Level 1:colcon.colcon_core.package_identification:_identify(src/cv-AGX-5G) by extension 'colcon_pkg'
[0.202s] Level 1:colcon.colcon_core.package_identification:_identify(src/cv-AGX-5G) by extensions ['colcon_meta']
[0.202s] Level 1:colcon.colcon_core.package_identification:_identify(src/cv-AGX-5G) by extension 'colcon_meta'
[0.202s] Level 1:colcon.colcon_core.package_identification:_identify(src/cv-AGX-5G) by extensions ['ros']
[0.202s] Level 1:colcon.colcon_core.package_identification:_identify(src/cv-AGX-5G) by extension 'ros'
[0.202s] DEBUG:colcon.colcon_core.package_identification:Package 'src/cv-AGX-5G' with type 'ros.ament_python' and name 'cv-AGX-5G'
[0.202s] Level 1:colcon.colcon_core.package_identification:_identify(src/normal_camera) by extensions ['ignore', 'ignore_ament_install']
[0.202s] Level 1:colcon.colcon_core.package_identification:_identify(src/normal_camera) by extension 'ignore'
[0.202s] Level 1:colcon.colcon_core.package_identification:_identify(src/normal_camera) by extension 'ignore_ament_install'
[0.202s] Level 1:colcon.colcon_core.package_identification:_identify(src/normal_camera) by extensions ['colcon_pkg']
[0.202s] Level 1:colcon.colcon_core.package_identification:_identify(src/normal_camera) by extension 'colcon_pkg'
[0.202s] Level 1:colcon.colcon_core.package_identification:_identify(src/normal_camera) by extensions ['colcon_meta']
[0.202s] Level 1:colcon.colcon_core.package_identification:_identify(src/normal_camera) by extension 'colcon_meta'
[0.202s] Level 1:colcon.colcon_core.package_identification:_identify(src/normal_camera) by extensions ['ros']
[0.202s] Level 1:colcon.colcon_core.package_identification:_identify(src/normal_camera) by extension 'ros'
[0.208s] DEBUG:colcon.colcon_core.package_identification:Package 'src/normal_camera' with type 'ros.ament_python' and name 'normal_camera'
[0.208s] Level 1:colcon.colcon_core.package_discovery:discover_packages(recursive) using defaults
[0.208s] Level 1:colcon.colcon_core.package_discovery:discover_packages(ignore) discover
[0.208s] Level 1:colcon.colcon_core.package_discovery:discover_packages(ignore) using defaults
[0.208s] Level 1:colcon.colcon_core.package_discovery:discover_packages(path) discover
[0.208s] Level 1:colcon.colcon_core.package_discovery:discover_packages(path) using defaults
[0.222s] Level 1:colcon.colcon_core.package_discovery:discover_packages(prefix_path) check parameters
[0.222s] Level 1:colcon.colcon_core.package_discovery:discover_packages(prefix_path) discover
[0.223s] DEBUG:colcon.colcon_installed_package_information.package_discovery:Found 3 installed packages in /home/gb/camera/install
[0.223s] DEBUG:colcon.colcon_installed_package_information.package_discovery:Found 4 installed packages in /home/gb/ros2_ws/install
[0.224s] DEBUG:colcon.colcon_installed_package_information.package_discovery:Found 308 installed packages in /opt/ros/humble
[0.225s] Level 1:colcon.colcon_core.package_discovery:discover_packages(prefix_path) using defaults
[0.249s] Level 5:colcon.colcon_core.verb:set package 'J_T' build argument 'cmake_args' from command line to 'None'
[0.249s] Level 5:colcon.colcon_core.verb:set package 'J_T' build argument 'cmake_target' from command line to 'None'
[0.249s] Level 5:colcon.colcon_core.verb:set package 'J_T' build argument 'cmake_target_skip_unavailable' from command line to 'False'
[0.249s] Level 5:colcon.colcon_core.verb:set package 'J_T' build argument 'cmake_clean_cache' from command line to 'False'
[0.249s] Level 5:colcon.colcon_core.verb:set package 'J_T' build argument 'cmake_clean_first' from command line to 'False'
[0.249s] Level 5:colcon.colcon_core.verb:set package 'J_T' build argument 'cmake_force_configure' from command line to 'False'
[0.249s] Level 5:colcon.colcon_core.verb:set package 'J_T' build argument 'ament_cmake_args' from command line to 'None'
[0.249s] Level 5:colcon.colcon_core.verb:set package 'J_T' build argument 'catkin_cmake_args' from command line to 'None'
[0.250s] Level 5:colcon.colcon_core.verb:set package 'J_T' build argument 'catkin_skip_building_tests' from command line to 'False'
[0.250s] DEBUG:colcon.colcon_core.verb:Building package 'J_T' with the following arguments: {'ament_cmake_args': None, 'build_base': '/home/gb/camera/build/J_T', 'catkin_cmake_args': None, 'catkin_skip_building_tests': False, 'cmake_args': None, 'cmake_clean_cache': False, 'cmake_clean_first': False, 'cmake_force_configure': False, 'cmake_target': None, 'cmake_target_skip_unavailable': False, 'install_base': '/home/gb/camera/install/J_T', 'merge_install': False, 'path': '/home/gb/camera/src/J_T', 'symlink_install': True, 'test_result_base': None}
[0.250s] Level 5:colcon.colcon_core.verb:set package 'camera' build argument 'cmake_args' from command line to 'None'
[0.250s] Level 5:colcon.colcon_core.verb:set package 'camera' build argument 'cmake_target' from command line to 'None'
[0.250s] Level 5:colcon.colcon_core.verb:set package 'camera' build argument 'cmake_target_skip_unavailable' from command line to 'False'
[0.250s] Level 5:colcon.colcon_core.verb:set package 'camera' build argument 'cmake_clean_cache' from command line to 'False'
[0.250s] Level 5:colcon.colcon_core.verb:set package 'camera' build argument 'cmake_clean_first' from command line to 'False'
[0.250s] Level 5:colcon.colcon_core.verb:set package 'camera' build argument 'cmake_force_configure' from command line to 'False'
[0.250s] Level 5:colcon.colcon_core.verb:set package 'camera' build argument 'ament_cmake_args' from command line to 'None'
[0.250s] Level 5:colcon.colcon_core.verb:set package 'camera' build argument 'catkin_cmake_args' from command line to 'None'
[0.250s] Level 5:colcon.colcon_core.verb:set package 'camera' build argument 'catkin_skip_building_tests' from command line to 'False'
[0.250s] DEBUG:colcon.colcon_core.verb:Building package 'camera' with the following arguments: {'ament_cmake_args': None, 'build_base': '/home/gb/camera/build/camera', 'catkin_cmake_args': None, 'catkin_skip_building_tests': False, 'cmake_args': None, 'cmake_clean_cache': False, 'cmake_clean_first': False, 'cmake_force_configure': False, 'cmake_target': None, 'cmake_target_skip_unavailable': False, 'install_base': '/home/gb/camera/install/camera', 'merge_install': False, 'path': '/home/gb/camera/src/camera', 'symlink_install': True, 'test_result_base': None}
[0.250s] Level 5:colcon.colcon_core.verb:set package 'cv-AGX-5G' build argument 'cmake_args' from command line to 'None'
[0.250s] Level 5:colcon.colcon_core.verb:set package 'cv-AGX-5G' build argument 'cmake_target' from command line to 'None'
[0.250s] Level 5:colcon.colcon_core.verb:set package 'cv-AGX-5G' build argument 'cmake_target_skip_unavailable' from command line to 'False'
[0.250s] Level 5:colcon.colcon_core.verb:set package 'cv-AGX-5G' build argument 'cmake_clean_cache' from command line to 'False'
[0.250s] Level 5:colcon.colcon_core.verb:set package 'cv-AGX-5G' build argument 'cmake_clean_first' from command line to 'False'
[0.250s] Level 5:colcon.colcon_core.verb:set package 'cv-AGX-5G' build argument 'cmake_force_configure' from command line to 'False'
[0.250s] Level 5:colcon.colcon_core.verb:set package 'cv-AGX-5G' build argument 'ament_cmake_args' from command line to 'None'
[0.250s] Level 5:colcon.colcon_core.verb:set package 'cv-AGX-5G' build argument 'catkin_cmake_args' from command line to 'None'
[0.250s] Level 5:colcon.colcon_core.verb:set package 'cv-AGX-5G' build argument 'catkin_skip_building_tests' from command line to 'False'
[0.250s] DEBUG:colcon.colcon_core.verb:Building package 'cv-AGX-5G' with the following arguments: {'ament_cmake_args': None, 'build_base': '/home/gb/camera/build/cv-AGX-5G', 'catkin_cmake_args': None, 'catkin_skip_building_tests': False, 'cmake_args': None, 'cmake_clean_cache': False, 'cmake_clean_first': False, 'cmake_force_configure': False, 'cmake_target': None, 'cmake_target_skip_unavailable': False, 'install_base': '/home/gb/camera/install/cv-AGX-5G', 'merge_install': False, 'path': '/home/gb/camera/src/cv-AGX-5G', 'symlink_install': True, 'test_result_base': None}
[0.250s] Level 5:colcon.colcon_core.verb:set package 'normal_camera' build argument 'cmake_args' from command line to 'None'
[0.250s] Level 5:colcon.colcon_core.verb:set package 'normal_camera' build argument 'cmake_target' from command line to 'None'
[0.250s] Level 5:colcon.colcon_core.verb:set package 'normal_camera' build argument 'cmake_target_skip_unavailable' from command line to 'False'
[0.250s] Level 5:colcon.colcon_core.verb:set package 'normal_camera' build argument 'cmake_clean_cache' from command line to 'False'
[0.250s] Level 5:colcon.colcon_core.verb:set package 'normal_camera' build argument 'cmake_clean_first' from command line to 'False'
[0.250s] Level 5:colcon.colcon_core.verb:set package 'normal_camera' build argument 'cmake_force_configure' from command line to 'False'
[0.250s] Level 5:colcon.colcon_core.verb:set package 'normal_camera' build argument 'ament_cmake_args' from command line to 'None'
[0.250s] Level 5:colcon.colcon_core.verb:set package 'normal_camera' build argument 'catkin_cmake_args' from command line to 'None'
[0.251s] Level 5:colcon.colcon_core.verb:set package 'normal_camera' build argument 'catkin_skip_building_tests' from command line to 'False'
[0.251s] DEBUG:colcon.colcon_core.verb:Building package 'normal_camera' with the following arguments: {'ament_cmake_args': None, 'build_base': '/home/gb/camera/build/normal_camera', 'catkin_cmake_args': None, 'catkin_skip_building_tests': False, 'cmake_args': None, 'cmake_clean_cache': False, 'cmake_clean_first': False, 'cmake_force_configure': False, 'cmake_target': None, 'cmake_target_skip_unavailable': False, 'install_base': '/home/gb/camera/install/normal_camera', 'merge_install': False, 'path': '/home/gb/camera/src/normal_camera', 'symlink_install': True, 'test_result_base': None}
[0.251s] INFO:colcon.colcon_core.executor:Executing jobs using 'parallel' executor
[0.251s] DEBUG:colcon.colcon_parallel_executor.executor.parallel:run_until_complete
[0.251s] INFO:colcon.colcon_ros.task.ament_python.build:Building ROS package in '/home/gb/camera/src/J_T' with build type 'ament_python'
[0.251s] Level 1:colcon.colcon_core.shell:create_environment_hook('J_T', 'ament_prefix_path')
[0.253s] INFO:colcon.colcon_core.plugin_system:Skipping extension 'colcon_core.shell.bat': Not used on non-Windows systems
[0.253s] INFO:colcon.colcon_core.shell:Creating environment hook '/home/gb/camera/install/J_T/share/J_T/hook/ament_prefix_path.ps1'
[0.253s] INFO:colcon.colcon_core.shell:Creating environment descriptor '/home/gb/camera/install/J_T/share/J_T/hook/ament_prefix_path.dsv'
[0.253s] INFO:colcon.colcon_core.shell:Creating environment hook '/home/gb/camera/install/J_T/share/J_T/hook/ament_prefix_path.sh'
[0.254s] INFO:colcon.colcon_core.shell:Skip shell extension 'powershell' for command environment: Not usable outside of PowerShell
[0.254s] DEBUG:colcon.colcon_core.shell:Skip shell extension 'dsv' for command environment
[0.256s] INFO:colcon.colcon_ros.task.ament_python.build:Building ROS package in '/home/gb/camera/src/camera' with build type 'ament_python'
[0.256s] Level 1:colcon.colcon_core.shell:create_environment_hook('camera', 'ament_prefix_path')
[0.256s] INFO:colcon.colcon_core.shell:Creating environment hook '/home/gb/camera/install/camera/share/camera/hook/ament_prefix_path.ps1'
[0.257s] INFO:colcon.colcon_core.shell:Creating environment descriptor '/home/gb/camera/install/camera/share/camera/hook/ament_prefix_path.dsv'
[0.257s] INFO:colcon.colcon_core.shell:Creating environment hook '/home/gb/camera/install/camera/share/camera/hook/ament_prefix_path.sh'
[0.257s] INFO:colcon.colcon_core.shell:Skip shell extension 'powershell' for command environment: Not usable outside of PowerShell
[0.257s] DEBUG:colcon.colcon_core.shell:Skip shell extension 'dsv' for command environment
[0.259s] INFO:colcon.colcon_ros.task.ament_python.build:Building ROS package in '/home/gb/camera/src/cv-AGX-5G' with build type 'ament_python'
[0.259s] Level 1:colcon.colcon_core.shell:create_environment_hook('cv-AGX-5G', 'ament_prefix_path')
[0.259s] INFO:colcon.colcon_core.shell:Creating environment hook '/home/gb/camera/install/cv-AGX-5G/share/cv-AGX-5G/hook/ament_prefix_path.ps1'
[0.260s] INFO:colcon.colcon_core.shell:Creating environment descriptor '/home/gb/camera/install/cv-AGX-5G/share/cv-AGX-5G/hook/ament_prefix_path.dsv'
[0.260s] INFO:colcon.colcon_core.shell:Creating environment hook '/home/gb/camera/install/cv-AGX-5G/share/cv-AGX-5G/hook/ament_prefix_path.sh'
[0.260s] INFO:colcon.colcon_core.shell:Skip shell extension 'powershell' for command environment: Not usable outside of PowerShell
[0.260s] DEBUG:colcon.colcon_core.shell:Skip shell extension 'dsv' for command environment
[0.262s] INFO:colcon.colcon_ros.task.ament_python.build:Building ROS package in '/home/gb/camera/src/normal_camera' with build type 'ament_python'
[0.262s] Level 1:colcon.colcon_core.shell:create_environment_hook('normal_camera', 'ament_prefix_path')
[0.262s] INFO:colcon.colcon_core.shell:Creating environment hook '/home/gb/camera/install/normal_camera/share/normal_camera/hook/ament_prefix_path.ps1'
[0.263s] INFO:colcon.colcon_core.shell:Creating environment descriptor '/home/gb/camera/install/normal_camera/share/normal_camera/hook/ament_prefix_path.dsv'
[0.263s] INFO:colcon.colcon_core.shell:Creating environment hook '/home/gb/camera/install/normal_camera/share/normal_camera/hook/ament_prefix_path.sh'
[0.263s] INFO:colcon.colcon_core.shell:Skip shell extension 'powershell' for command environment: Not usable outside of PowerShell
[0.263s] DEBUG:colcon.colcon_core.shell:Skip shell extension 'dsv' for command environment
[0.433s] INFO:colcon.colcon_core.task.python.build:Building Python package in '/home/gb/camera/src/J_T'
[0.433s] INFO:colcon.colcon_core.shell:Skip shell extension 'powershell' for command environment: Not usable outside of PowerShell
[0.433s] DEBUG:colcon.colcon_core.shell:Skip shell extension 'dsv' for command environment
[0.604s] INFO:colcon.colcon_core.task.python.build:Building Python package in '/home/gb/camera/src/camera'
[0.604s] INFO:colcon.colcon_core.shell:Skip shell extension 'powershell' for command environment: Not usable outside of PowerShell
[0.604s] DEBUG:colcon.colcon_core.shell:Skip shell extension 'dsv' for command environment
[0.773s] INFO:colcon.colcon_core.task.python.build:Building Python package in '/home/gb/camera/src/cv-AGX-5G'
[0.773s] INFO:colcon.colcon_core.shell:Skip shell extension 'powershell' for command environment: Not usable outside of PowerShell
[0.773s] DEBUG:colcon.colcon_core.shell:Skip shell extension 'dsv' for command environment
[0.940s] INFO:colcon.colcon_core.task.python.build:Building Python package in '/home/gb/camera/src/normal_camera'
[0.940s] INFO:colcon.colcon_core.shell:Skip shell extension 'powershell' for command environment: Not usable outside of PowerShell
[0.940s] DEBUG:colcon.colcon_core.shell:Skip shell extension 'dsv' for command environment
[1.213s] DEBUG:colcon.colcon_core.event_handler.log_command:Invoking command in '/home/gb/camera/build/normal_camera': PYTHONPATH=/home/gb/camera/build/normal_camera/prefix_override:/usr/lib/python3/dist-packages/colcon_core/task/python/colcon_distutils_commands:/home/gb/camera/install/normal_camera/lib/python3.10/site-packages:${PYTHONPATH} VIRTUAL_ENV_PROMPT=(venv) /usr/bin/python3 -W ignore:setup.py install is deprecated -W ignore:easy_install command is deprecated setup.py develop --editable --build-directory /home/gb/camera/build/normal_camera/build --no-deps symlink_data
[1.217s] DEBUG:colcon.colcon_core.event_handler.log_command:Invoking command in '/home/gb/camera/build/J_T': PYTHONPATH=/home/gb/camera/build/J_T/prefix_override:/usr/lib/python3/dist-packages/colcon_core/task/python/colcon_distutils_commands:/home/gb/camera/install/J_T/lib/python3.10/site-packages:${PYTHONPATH} VIRTUAL_ENV_PROMPT=(venv) /usr/bin/python3 -W ignore:setup.py install is deprecated -W ignore:easy_install command is deprecated setup.py develop --editable --build-directory /home/gb/camera/build/J_T/build --no-deps symlink_data
[1.218s] DEBUG:colcon.colcon_core.event_handler.log_command:Invoking command in '/home/gb/camera/build/camera': PYTHONPATH=/home/gb/camera/build/camera/prefix_override:/usr/lib/python3/dist-packages/colcon_core/task/python/colcon_distutils_commands:/home/gb/camera/install/camera/lib/python3.10/site-packages:${PYTHONPATH} VIRTUAL_ENV_PROMPT=(venv) /usr/bin/python3 -W ignore:setup.py install is deprecated -W ignore:easy_install command is deprecated setup.py develop --editable --build-directory /home/gb/camera/build/camera/build --no-deps symlink_data
[1.220s] DEBUG:colcon.colcon_core.event_handler.log_command:Invoking command in '/home/gb/camera/build/cv-AGX-5G': PYTHONPATH=/home/gb/camera/build/cv-AGX-5G/prefix_override:/usr/lib/python3/dist-packages/colcon_core/task/python/colcon_distutils_commands:/home/gb/camera/install/cv-AGX-5G/lib/python3.10/site-packages:${PYTHONPATH} VIRTUAL_ENV_PROMPT=(venv) /usr/bin/python3 -W ignore:setup.py install is deprecated -W ignore:easy_install command is deprecated setup.py develop --editable --build-directory /home/gb/camera/build/cv-AGX-5G/build --no-deps symlink_data
[1.555s] Level 1:colcon.colcon_core.shell:create_environment_hook('normal_camera', 'pythonpath_develop')
[1.555s] INFO:colcon.colcon_core.shell:Creating environment hook '/home/gb/camera/build/normal_camera/share/normal_camera/hook/pythonpath_develop.ps1'
[1.556s] DEBUG:colcon.colcon_core.event_handler.log_command:Invoked command in '/home/gb/camera/build/normal_camera' returned '0': PYTHONPATH=/home/gb/camera/build/normal_camera/prefix_override:/usr/lib/python3/dist-packages/colcon_core/task/python/colcon_distutils_commands:/home/gb/camera/install/normal_camera/lib/python3.10/site-packages:${PYTHONPATH} VIRTUAL_ENV_PROMPT=(venv) /usr/bin/python3 -W ignore:setup.py install is deprecated -W ignore:easy_install command is deprecated setup.py develop --editable --build-directory /home/gb/camera/build/normal_camera/build --no-deps symlink_data
[1.556s] INFO:colcon.colcon_core.shell:Creating environment descriptor '/home/gb/camera/build/normal_camera/share/normal_camera/hook/pythonpath_develop.dsv'
[1.556s] INFO:colcon.colcon_core.shell:Creating environment hook '/home/gb/camera/build/normal_camera/share/normal_camera/hook/pythonpath_develop.sh'
[1.558s] Level 1:colcon.colcon_core.environment:checking '/home/gb/camera/install/normal_camera' for CMake module files
[1.558s] Level 1:colcon.colcon_core.environment:checking '/home/gb/camera/install/normal_camera' for CMake config files
[1.559s] Level 1:colcon.colcon_core.environment:checking '/home/gb/camera/install/normal_camera/lib'
[1.559s] Level 1:colcon.colcon_core.environment:checking '/home/gb/camera/install/normal_camera/bin'
[1.559s] Level 1:colcon.colcon_core.environment:checking '/home/gb/camera/install/normal_camera/lib/pkgconfig/normal_camera.pc'
[1.559s] Level 1:colcon.colcon_core.environment:checking '/home/gb/camera/install/normal_camera/lib/python3.10/site-packages'
[1.559s] Level 1:colcon.colcon_core.shell:create_environment_hook('normal_camera', 'pythonpath')
[1.559s] INFO:colcon.colcon_core.shell:Creating environment hook '/home/gb/camera/install/normal_camera/share/normal_camera/hook/pythonpath.ps1'
[1.560s] INFO:colcon.colcon_core.shell:Creating environment descriptor '/home/gb/camera/install/normal_camera/share/normal_camera/hook/pythonpath.dsv'
[1.560s] INFO:colcon.colcon_core.shell:Creating environment hook '/home/gb/camera/install/normal_camera/share/normal_camera/hook/pythonpath.sh'
[1.561s] Level 1:colcon.colcon_core.environment:checking '/home/gb/camera/install/normal_camera/bin'
[1.561s] Level 1:colcon.colcon_core.environment:create_environment_scripts_only(normal_camera)
[1.561s] INFO:colcon.colcon_core.shell:Creating package script '/home/gb/camera/install/normal_camera/share/normal_camera/package.ps1'
[1.562s] INFO:colcon.colcon_core.shell:Creating package descriptor '/home/gb/camera/install/normal_camera/share/normal_camera/package.dsv'
[1.562s] INFO:colcon.colcon_core.shell:Creating package script '/home/gb/camera/install/normal_camera/share/normal_camera/package.sh'
[1.563s] INFO:colcon.colcon_core.shell:Creating package script '/home/gb/camera/install/normal_camera/share/normal_camera/package.bash'
[1.563s] INFO:colcon.colcon_core.shell:Creating package script '/home/gb/camera/install/normal_camera/share/normal_camera/package.zsh'
[1.563s] Level 1:colcon.colcon_core.environment:create_file_with_runtime_dependencies(/home/gb/camera/install/normal_camera/share/colcon-core/packages/normal_camera)
[1.564s] Level 1:colcon.colcon_core.shell:create_environment_hook('camera', 'pythonpath_develop')
[1.564s] INFO:colcon.colcon_core.shell:Creating environment hook '/home/gb/camera/build/camera/share/camera/hook/pythonpath_develop.ps1'
[1.565s] DEBUG:colcon.colcon_core.event_handler.log_command:Invoked command in '/home/gb/camera/build/camera' returned '0': PYTHONPATH=/home/gb/camera/build/camera/prefix_override:/usr/lib/python3/dist-packages/colcon_core/task/python/colcon_distutils_commands:/home/gb/camera/install/camera/lib/python3.10/site-packages:${PYTHONPATH} VIRTUAL_ENV_PROMPT=(venv) /usr/bin/python3 -W ignore:setup.py install is deprecated -W ignore:easy_install command is deprecated setup.py develop --editable --build-directory /home/gb/camera/build/camera/build --no-deps symlink_data
[1.565s] INFO:colcon.colcon_core.shell:Creating environment descriptor '/home/gb/camera/build/camera/share/camera/hook/pythonpath_develop.dsv'
[1.565s] INFO:colcon.colcon_core.shell:Creating environment hook '/home/gb/camera/build/camera/share/camera/hook/pythonpath_develop.sh'
[1.566s] Level 1:colcon.colcon_core.environment:checking '/home/gb/camera/install/camera' for CMake module files
[1.566s] Level 1:colcon.colcon_core.environment:checking '/home/gb/camera/install/camera' for CMake config files
[1.566s] Level 1:colcon.colcon_core.environment:checking '/home/gb/camera/install/camera/lib'
[1.566s] Level 1:colcon.colcon_core.environment:checking '/home/gb/camera/install/camera/bin'
[1.566s] Level 1:colcon.colcon_core.environment:checking '/home/gb/camera/install/camera/lib/pkgconfig/camera.pc'
[1.566s] Level 1:colcon.colcon_core.environment:checking '/home/gb/camera/install/camera/lib/python3.10/site-packages'
[1.566s] Level 1:colcon.colcon_core.shell:create_environment_hook('camera', 'pythonpath')
[1.566s] INFO:colcon.colcon_core.shell:Creating environment hook '/home/gb/camera/install/camera/share/camera/hook/pythonpath.ps1'
[1.567s] INFO:colcon.colcon_core.shell:Creating environment descriptor '/home/gb/camera/install/camera/share/camera/hook/pythonpath.dsv'
[1.567s] INFO:colcon.colcon_core.shell:Creating environment hook '/home/gb/camera/install/camera/share/camera/hook/pythonpath.sh'
[1.567s] Level 1:colcon.colcon_core.environment:checking '/home/gb/camera/install/camera/bin'
[1.567s] Level 1:colcon.colcon_core.environment:create_environment_scripts_only(camera)
[1.567s] INFO:colcon.colcon_core.shell:Creating package script '/home/gb/camera/install/camera/share/camera/package.ps1'
[1.568s] INFO:colcon.colcon_core.shell:Creating package descriptor '/home/gb/camera/install/camera/share/camera/package.dsv'
[1.568s] INFO:colcon.colcon_core.shell:Creating package script '/home/gb/camera/install/camera/share/camera/package.sh'
[1.568s] INFO:colcon.colcon_core.shell:Creating package script '/home/gb/camera/install/camera/share/camera/package.bash'
[1.568s] INFO:colcon.colcon_core.shell:Creating package script '/home/gb/camera/install/camera/share/camera/package.zsh'
[1.569s] Level 1:colcon.colcon_core.environment:create_file_with_runtime_dependencies(/home/gb/camera/install/camera/share/colcon-core/packages/camera)
[1.569s] Level 1:colcon.colcon_core.shell:create_environment_hook('cv-AGX-5G', 'pythonpath_develop')
[1.569s] INFO:colcon.colcon_core.shell:Creating environment hook '/home/gb/camera/build/cv-AGX-5G/share/cv-AGX-5G/hook/pythonpath_develop.ps1'
[1.570s] DEBUG:colcon.colcon_core.event_handler.log_command:Invoked command in '/home/gb/camera/build/cv-AGX-5G' returned '0': PYTHONPATH=/home/gb/camera/build/cv-AGX-5G/prefix_override:/usr/lib/python3/dist-packages/colcon_core/task/python/colcon_distutils_commands:/home/gb/camera/install/cv-AGX-5G/lib/python3.10/site-packages:${PYTHONPATH} VIRTUAL_ENV_PROMPT=(venv) /usr/bin/python3 -W ignore:setup.py install is deprecated -W ignore:easy_install command is deprecated setup.py develop --editable --build-directory /home/gb/camera/build/cv-AGX-5G/build --no-deps symlink_data
[1.570s] INFO:colcon.colcon_core.shell:Creating environment descriptor '/home/gb/camera/build/cv-AGX-5G/share/cv-AGX-5G/hook/pythonpath_develop.dsv'
[1.570s] INFO:colcon.colcon_core.shell:Creating environment hook '/home/gb/camera/build/cv-AGX-5G/share/cv-AGX-5G/hook/pythonpath_develop.sh'
[1.570s] Level 1:colcon.colcon_core.environment:checking '/home/gb/camera/install/cv-AGX-5G' for CMake module files
[1.570s] Level 1:colcon.colcon_core.environment:checking '/home/gb/camera/install/cv-AGX-5G' for CMake config files
[1.571s] Level 1:colcon.colcon_core.environment:checking '/home/gb/camera/install/cv-AGX-5G/lib'
[1.571s] Level 1:colcon.colcon_core.environment:checking '/home/gb/camera/install/cv-AGX-5G/bin'
[1.571s] Level 1:colcon.colcon_core.environment:checking '/home/gb/camera/install/cv-AGX-5G/lib/pkgconfig/cv-AGX-5G.pc'
[1.571s] Level 1:colcon.colcon_core.environment:checking '/home/gb/camera/install/cv-AGX-5G/lib/python3.10/site-packages'
[1.571s] Level 1:colcon.colcon_core.shell:create_environment_hook('cv-AGX-5G', 'pythonpath')
[1.571s] INFO:colcon.colcon_core.shell:Creating environment hook '/home/gb/camera/install/cv-AGX-5G/share/cv-AGX-5G/hook/pythonpath.ps1'
[1.571s] INFO:colcon.colcon_core.shell:Creating environment descriptor '/home/gb/camera/install/cv-AGX-5G/share/cv-AGX-5G/hook/pythonpath.dsv'
[1.571s] INFO:colcon.colcon_core.shell:Creating environment hook '/home/gb/camera/install/cv-AGX-5G/share/cv-AGX-5G/hook/pythonpath.sh'
[1.572s] Level 1:colcon.colcon_core.environment:checking '/home/gb/camera/install/cv-AGX-5G/bin'
[1.572s] Level 1:colcon.colcon_core.environment:create_environment_scripts_only(cv-AGX-5G)
[1.572s] INFO:colcon.colcon_core.shell:Creating package script '/home/gb/camera/install/cv-AGX-5G/share/cv-AGX-5G/package.ps1'
[1.572s] INFO:colcon.colcon_core.shell:Creating package descriptor '/home/gb/camera/install/cv-AGX-5G/share/cv-AGX-5G/package.dsv'
[1.572s] INFO:colcon.colcon_core.shell:Creating package script '/home/gb/camera/install/cv-AGX-5G/share/cv-AGX-5G/package.sh'
[1.573s] INFO:colcon.colcon_core.shell:Creating package script '/home/gb/camera/install/cv-AGX-5G/share/cv-AGX-5G/package.bash'
[1.573s] INFO:colcon.colcon_core.shell:Creating package script '/home/gb/camera/install/cv-AGX-5G/share/cv-AGX-5G/package.zsh'
[1.573s] Level 1:colcon.colcon_core.environment:create_file_with_runtime_dependencies(/home/gb/camera/install/cv-AGX-5G/share/colcon-core/packages/cv-AGX-5G)
[1.573s] Level 1:colcon.colcon_core.shell:create_environment_hook('J_T', 'pythonpath_develop')
[1.573s] INFO:colcon.colcon_core.shell:Creating environment hook '/home/gb/camera/build/J_T/share/J_T/hook/pythonpath_develop.ps1'
[1.574s] DEBUG:colcon.colcon_core.event_handler.log_command:Invoked command in '/home/gb/camera/build/J_T' returned '0': PYTHONPATH=/home/gb/camera/build/J_T/prefix_override:/usr/lib/python3/dist-packages/colcon_core/task/python/colcon_distutils_commands:/home/gb/camera/install/J_T/lib/python3.10/site-packages:${PYTHONPATH} VIRTUAL_ENV_PROMPT=(venv) /usr/bin/python3 -W ignore:setup.py install is deprecated -W ignore:easy_install command is deprecated setup.py develop --editable --build-directory /home/gb/camera/build/J_T/build --no-deps symlink_data
[1.574s] INFO:colcon.colcon_core.shell:Creating environment descriptor '/home/gb/camera/build/J_T/share/J_T/hook/pythonpath_develop.dsv'
[1.574s] INFO:colcon.colcon_core.shell:Creating environment hook '/home/gb/camera/build/J_T/share/J_T/hook/pythonpath_develop.sh'
[1.574s] Level 1:colcon.colcon_core.environment:checking '/home/gb/camera/install/J_T' for CMake module files
[1.575s] Level 1:colcon.colcon_core.environment:checking '/home/gb/camera/install/J_T' for CMake config files
[1.575s] Level 1:colcon.colcon_core.environment:checking '/home/gb/camera/install/J_T/lib'
[1.575s] Level 1:colcon.colcon_core.environment:checking '/home/gb/camera/install/J_T/bin'
[1.575s] Level 1:colcon.colcon_core.environment:checking '/home/gb/camera/install/J_T/lib/pkgconfig/J_T.pc'
[1.575s] Level 1:colcon.colcon_core.environment:checking '/home/gb/camera/install/J_T/lib/python3.10/site-packages'
[1.575s] Level 1:colcon.colcon_core.shell:create_environment_hook('J_T', 'pythonpath')
[1.575s] INFO:colcon.colcon_core.shell:Creating environment hook '/home/gb/camera/install/J_T/share/J_T/hook/pythonpath.ps1'
[1.575s] INFO:colcon.colcon_core.shell:Creating environment descriptor '/home/gb/camera/install/J_T/share/J_T/hook/pythonpath.dsv'
[1.576s] INFO:colcon.colcon_core.shell:Creating environment hook '/home/gb/camera/install/J_T/share/J_T/hook/pythonpath.sh'
[1.576s] Level 1:colcon.colcon_core.environment:checking '/home/gb/camera/install/J_T/bin'
[1.576s] Level 1:colcon.colcon_core.environment:create_environment_scripts_only(J_T)
[1.576s] INFO:colcon.colcon_core.shell:Creating package script '/home/gb/camera/install/J_T/share/J_T/package.ps1'
[1.577s] INFO:colcon.colcon_core.shell:Creating package descriptor '/home/gb/camera/install/J_T/share/J_T/package.dsv'
[1.577s] INFO:colcon.colcon_core.shell:Creating package script '/home/gb/camera/install/J_T/share/J_T/package.sh'
[1.577s] INFO:colcon.colcon_core.shell:Creating package script '/home/gb/camera/install/J_T/share/J_T/package.bash'
[1.577s] INFO:colcon.colcon_core.shell:Creating package script '/home/gb/camera/install/J_T/share/J_T/package.zsh'
[1.578s] Level 1:colcon.colcon_core.environment:create_file_with_runtime_dependencies(/home/gb/camera/install/J_T/share/colcon-core/packages/J_T)
[1.578s] DEBUG:colcon.colcon_parallel_executor.executor.parallel:closing loop
[1.578s] DEBUG:colcon.colcon_parallel_executor.executor.parallel:loop closed
[1.578s] DEBUG:colcon.colcon_parallel_executor.executor.parallel:run_until_complete finished with '0'
[1.578s] DEBUG:colcon.colcon_core.event_reactor:joining thread
[1.582s] INFO:colcon.colcon_core.plugin_system:Skipping extension 'colcon_notification.desktop_notification.terminal_notifier': Not used on non-Darwin systems
[1.582s] INFO:colcon.colcon_core.plugin_system:Skipping extension 'colcon_notification.desktop_notification.win32': Not used on non-Windows systems
[1.582s] INFO:colcon.colcon_notification.desktop_notification:Sending desktop notification using 'notify2'
[1.590s] DEBUG:colcon.colcon_core.event_reactor:joined thread
[1.591s] INFO:colcon.colcon_core.shell:Creating prefix script '/home/gb/camera/install/local_setup.ps1'
[1.591s] INFO:colcon.colcon_core.shell:Creating prefix util module '/home/gb/camera/install/_local_setup_util_ps1.py'
[1.592s] INFO:colcon.colcon_core.shell:Creating prefix chain script '/home/gb/camera/install/setup.ps1'
[1.594s] INFO:colcon.colcon_core.shell:Creating prefix script '/home/gb/camera/install/local_setup.sh'
[1.594s] INFO:colcon.colcon_core.shell:Creating prefix util module '/home/gb/camera/install/_local_setup_util_sh.py'
[1.595s] INFO:colcon.colcon_core.shell:Creating prefix chain script '/home/gb/camera/install/setup.sh'
[1.596s] INFO:colcon.colcon_core.shell:Creating prefix script '/home/gb/camera/install/local_setup.bash'
[1.596s] INFO:colcon.colcon_core.shell:Creating prefix chain script '/home/gb/camera/install/setup.bash'
[1.597s] INFO:colcon.colcon_core.shell:Creating prefix script '/home/gb/camera/install/local_setup.zsh'
[1.597s] INFO:colcon.colcon_core.shell:Creating prefix chain script '/home/gb/camera/install/setup.zsh'
