[0.962s] Invoking command in '/home/gb/camera/build/camera': PYTHONPATH=/home/gb/camera/build/camera/prefix_override:/usr/lib/python3/dist-packages/colcon_core/task/python/colcon_distutils_commands:/home/gb/camera/install/camera/lib/python3.10/site-packages:${PYTHONPATH} VIRTUAL_ENV_PROMPT=(venv) /usr/bin/python3 -W ignore:setup.py install is deprecated -W ignore:easy_install command is deprecated setup.py develop --editable --build-directory /home/gb/camera/build/camera/build --no-deps symlink_data
[1.134s] running develop
[1.259s] running egg_info
[1.259s] writing camera.egg-info/PKG-INFO
[1.259s] writing dependency_links to camera.egg-info/dependency_links.txt
[1.260s] writing entry points to camera.egg-info/entry_points.txt
[1.260s] writing requirements to camera.egg-info/requires.txt
[1.260s] writing top-level names to camera.egg-info/top_level.txt
[1.261s] reading manifest file 'camera.egg-info/SOURCES.txt'
[1.262s] writing manifest file 'camera.egg-info/SOURCES.txt'
[1.263s] running build_ext
[1.263s] Creating /home/gb/camera/install/camera/lib/python3.10/site-packages/camera.egg-link (link to .)
[1.264s] Installing combined_view script to /home/gb/camera/install/camera/lib/camera
[1.264s] Installing stereo_stitch_0 script to /home/gb/camera/install/camera/lib/camera
[1.265s] Installing stereo_stitch_2 script to /home/gb/camera/install/camera/lib/camera
[1.265s] Installing stereo_stitch_4 script to /home/gb/camera/install/camera/lib/camera
[1.265s] Installing stereo_stitch_6 script to /home/gb/camera/install/camera/lib/camera
[1.265s] 
[1.265s] Installed /home/gb/camera/build/camera
[1.265s] running symlink_data
[1.308s] Invoked command in '/home/gb/camera/build/camera' returned '0': PYTHONPATH=/home/gb/camera/build/camera/prefix_override:/usr/lib/python3/dist-packages/colcon_core/task/python/colcon_distutils_commands:/home/gb/camera/install/camera/lib/python3.10/site-packages:${PYTHONPATH} VIRTUAL_ENV_PROMPT=(venv) /usr/bin/python3 -W ignore:setup.py install is deprecated -W ignore:easy_install command is deprecated setup.py develop --editable --build-directory /home/gb/camera/build/camera/build --no-deps symlink_data
