[0.779s] Invoking command in '/home/gb/camera/build/normal_camera': PYTHONPATH=/home/gb/camera/build/normal_camera/prefix_override:/usr/lib/python3/dist-packages/colcon_core/task/python/colcon_distutils_commands:/home/gb/camera/install/normal_camera/lib/python3.10/site-packages:${PYTHONPATH} /usr/bin/python3 -W ignore:setup.py install is deprecated -W ignore:easy_install command is deprecated setup.py develop --editable --build-directory /home/gb/camera/build/normal_camera/build --no-deps symlink_data
[0.947s] running develop
[1.068s] running egg_info
[1.068s] writing normal_camera.egg-info/PKG-INFO
[1.068s] writing dependency_links to normal_camera.egg-info/dependency_links.txt
[1.068s] writing entry points to normal_camera.egg-info/entry_points.txt
[1.068s] writing requirements to normal_camera.egg-info/requires.txt
[1.068s] writing top-level names to normal_camera.egg-info/top_level.txt
[1.069s] reading manifest file 'normal_camera.egg-info/SOURCES.txt'
[1.070s] writing manifest file 'normal_camera.egg-info/SOURCES.txt'
[1.071s] running build_ext
[1.071s] Creating /home/gb/camera/install/normal_camera/lib/python3.10/site-packages/normal-camera.egg-link (link to .)
[1.071s] Installing camera_0_publisher script to /home/gb/camera/install/normal_camera/lib/normal_camera
[1.071s] Installing camera_2_publisher script to /home/gb/camera/install/normal_camera/lib/normal_camera
[1.072s] Installing camera_4_publisher script to /home/gb/camera/install/normal_camera/lib/normal_camera
[1.072s] Installing camera_6_publisher script to /home/gb/camera/install/normal_camera/lib/normal_camera
[1.072s] Installing grid_viewer script to /home/gb/camera/install/normal_camera/lib/normal_camera
[1.072s] 
[1.072s] Installed /home/gb/camera/build/normal_camera
[1.072s] running symlink_data
[1.097s] Invoked command in '/home/gb/camera/build/normal_camera' returned '0': PYTHONPATH=/home/gb/camera/build/normal_camera/prefix_override:/usr/lib/python3/dist-packages/colcon_core/task/python/colcon_distutils_commands:/home/gb/camera/install/normal_camera/lib/python3.10/site-packages:${PYTHONPATH} /usr/bin/python3 -W ignore:setup.py install is deprecated -W ignore:easy_install command is deprecated setup.py develop --editable --build-directory /home/gb/camera/build/normal_camera/build --no-deps symlink_data
