[0.395s] Invoking command in '/home/gb/camera/build/J_T': PYTHONPATH=/home/gb/camera/build/J_T/prefix_override:/usr/lib/python3/dist-packages/colcon_core/task/python/colcon_distutils_commands:/home/gb/camera/install/J_T/lib/python3.10/site-packages:${PYTHONPATH} /usr/bin/python3 -W ignore:setup.py install is deprecated -W ignore:easy_install command is deprecated setup.py develop --editable --build-directory /home/gb/camera/build/J_T/build --no-deps symlink_data --force
[0.562s] running develop
[0.678s] running egg_info
[0.679s] writing J_T.egg-info/PKG-INFO
[0.679s] writing dependency_links to J_T.egg-info/dependency_links.txt
[0.679s] writing entry points to J_T.egg-info/entry_points.txt
[0.679s] writing requirements to J_T.egg-info/requires.txt
[0.679s] writing top-level names to J_T.egg-info/top_level.txt
[0.680s] reading manifest file 'J_T.egg-info/SOURCES.txt'
[0.681s] writing manifest file 'J_T.egg-info/SOURCES.txt'
[0.682s] running build_ext
[0.682s] Creating /home/gb/camera/install/J_T/lib/python3.10/site-packages/J-T.egg-link (link to .)
[0.683s] Installing calibrate script to /home/gb/camera/install/J_T/lib/J_T
[0.683s] Installing combined_view script to /home/gb/camera/install/J_T/lib/J_T
[0.683s] Installing stereo_stitch_node script to /home/gb/camera/install/J_T/lib/J_T
[0.683s] 
[0.683s] Installed /home/gb/camera/build/J_T
[0.683s] running symlink_data
[0.683s] symbolically linking /home/gb/camera/build/J_T/resource/J_T -> /home/gb/camera/install/J_T/share/ament_index/resource_index/packages
[0.683s] symbolically linking /home/gb/camera/build/J_T/package.xml -> /home/gb/camera/install/J_T/share/J_T
[0.683s] symbolically linking /home/gb/camera/build/J_T/launch/launch_optimized.py -> /home/gb/camera/install/J_T/share/J_T/launch
[0.698s] Invoked command in '/home/gb/camera/build/J_T' returned '0': PYTHONPATH=/home/gb/camera/build/J_T/prefix_override:/usr/lib/python3/dist-packages/colcon_core/task/python/colcon_distutils_commands:/home/gb/camera/install/J_T/lib/python3.10/site-packages:${PYTHONPATH} /usr/bin/python3 -W ignore:setup.py install is deprecated -W ignore:easy_install command is deprecated setup.py develop --editable --build-directory /home/gb/camera/build/J_T/build --no-deps symlink_data --force
