running develop
running egg_info
writing camera.egg-info/PKG-INFO
writing dependency_links to camera.egg-info/dependency_links.txt
writing entry points to camera.egg-info/entry_points.txt
writing requirements to camera.egg-info/requires.txt
writing top-level names to camera.egg-info/top_level.txt
reading manifest file 'camera.egg-info/SOURCES.txt'
writing manifest file 'camera.egg-info/SOURCES.txt'
running build_ext
Creating /home/gb/camera/install/camera/lib/python3.10/site-packages/camera.egg-link (link to .)
Installing combined_view script to /home/gb/camera/install/camera/lib/camera
Installing stereo_stitch_0 script to /home/gb/camera/install/camera/lib/camera
Installing stereo_stitch_2 script to /home/gb/camera/install/camera/lib/camera
Installing stereo_stitch_4 script to /home/gb/camera/install/camera/lib/camera
Installing stereo_stitch_6 script to /home/gb/camera/install/camera/lib/camera

Installed /home/gb/camera/build/camera
running symlink_data
symbolically linking /home/gb/camera/build/camera/resource/camera -> /home/gb/camera/install/camera/share/ament_index/resource_index/packages
symbolically linking /home/gb/camera/build/camera/package.xml -> /home/gb/camera/install/camera/share/camera
symbolically linking /home/gb/camera/build/camera/launch/stereo_cameras_launch.py -> /home/gb/camera/install/camera/share/camera/launch
