[0.759s] Invoking command in '/home/gb/camera/build/camera': PYTHONPATH=/home/gb/camera/build/camera/prefix_override:/usr/lib/python3/dist-packages/colcon_core/task/python/colcon_distutils_commands:/home/gb/camera/install/camera/lib/python3.10/site-packages:${PYTHONPATH} /usr/bin/python3 -W ignore:setup.py install is deprecated -W ignore:easy_install command is deprecated setup.py develop --editable --build-directory /home/gb/camera/build/camera/build --no-deps symlink_data --force
[0.933s] running develop
[1.056s] running egg_info
[1.056s] writing camera.egg-info/PKG-INFO
[1.056s] writing dependency_links to camera.egg-info/dependency_links.txt
[1.057s] writing entry points to camera.egg-info/entry_points.txt
[1.057s] writing requirements to camera.egg-info/requires.txt
[1.057s] writing top-level names to camera.egg-info/top_level.txt
[1.058s] reading manifest file 'camera.egg-info/SOURCES.txt'
[1.059s] writing manifest file 'camera.egg-info/SOURCES.txt'
[1.060s] running build_ext
[1.061s] Creating /home/gb/camera/install/camera/lib/python3.10/site-packages/camera.egg-link (link to .)
[1.061s] Installing combined_view script to /home/gb/camera/install/camera/lib/camera
[1.061s] Installing stereo_stitch_0 script to /home/gb/camera/install/camera/lib/camera
[1.062s] Installing stereo_stitch_2 script to /home/gb/camera/install/camera/lib/camera
[1.062s] Installing stereo_stitch_4 script to /home/gb/camera/install/camera/lib/camera
[1.062s] Installing stereo_stitch_6 script to /home/gb/camera/install/camera/lib/camera
[1.062s] 
[1.062s] Installed /home/gb/camera/build/camera
[1.062s] running symlink_data
[1.062s] symbolically linking /home/gb/camera/build/camera/resource/camera -> /home/gb/camera/install/camera/share/ament_index/resource_index/packages
[1.062s] symbolically linking /home/gb/camera/build/camera/package.xml -> /home/gb/camera/install/camera/share/camera
[1.062s] symbolically linking /home/gb/camera/build/camera/launch/stereo_cameras_launch.py -> /home/gb/camera/install/camera/share/camera/launch
[1.098s] Invoked command in '/home/gb/camera/build/camera' returned '0': PYTHONPATH=/home/gb/camera/build/camera/prefix_override:/usr/lib/python3/dist-packages/colcon_core/task/python/colcon_distutils_commands:/home/gb/camera/install/camera/lib/python3.10/site-packages:${PYTHONPATH} /usr/bin/python3 -W ignore:setup.py install is deprecated -W ignore:easy_install command is deprecated setup.py develop --editable --build-directory /home/gb/camera/build/camera/build --no-deps symlink_data --force
