running develop
Removing /home/gb/camera/install/normal_camera/lib/python3.10/site-packages/normal-camera.egg-link (link to .)
running egg_info
writing ../../build/normal_camera/normal_camera.egg-info/PKG-INFO
writing dependency_links to ../../build/normal_camera/normal_camera.egg-info/dependency_links.txt
writing entry points to ../../build/normal_camera/normal_camera.egg-info/entry_points.txt
writing requirements to ../../build/normal_camera/normal_camera.egg-info/requires.txt
writing top-level names to ../../build/normal_camera/normal_camera.egg-info/top_level.txt
reading manifest file '../../build/normal_camera/normal_camera.egg-info/SOURCES.txt'
writing manifest file '../../build/normal_camera/normal_camera.egg-info/SOURCES.txt'
running build
running build_py
creating /home/gb/camera/build/normal_camera/build
creating /home/gb/camera/build/normal_camera/build/lib
creating /home/gb/camera/build/normal_camera/build/lib/normal_camera
copying normal_camera/grid_viewer.py -> /home/gb/camera/build/normal_camera/build/lib/normal_camera
copying normal_camera/camera_4_publisher.py -> /home/gb/camera/build/normal_camera/build/lib/normal_camera
copying normal_camera/camera_2_publisher.py -> /home/gb/camera/build/normal_camera/build/lib/normal_camera
copying normal_camera/camera_0_publisher.py -> /home/gb/camera/build/normal_camera/build/lib/normal_camera
copying normal_camera/__init__.py -> /home/gb/camera/build/normal_camera/build/lib/normal_camera
copying normal_camera/camera_6_publisher.py -> /home/gb/camera/build/normal_camera/build/lib/normal_camera
running install
running install_lib
creating /home/gb/camera/install/normal_camera/lib/python3.10/site-packages/normal_camera
copying /home/gb/camera/build/normal_camera/build/lib/normal_camera/grid_viewer.py -> /home/gb/camera/install/normal_camera/lib/python3.10/site-packages/normal_camera
copying /home/gb/camera/build/normal_camera/build/lib/normal_camera/camera_4_publisher.py -> /home/gb/camera/install/normal_camera/lib/python3.10/site-packages/normal_camera
copying /home/gb/camera/build/normal_camera/build/lib/normal_camera/camera_2_publisher.py -> /home/gb/camera/install/normal_camera/lib/python3.10/site-packages/normal_camera
copying /home/gb/camera/build/normal_camera/build/lib/normal_camera/camera_0_publisher.py -> /home/gb/camera/install/normal_camera/lib/python3.10/site-packages/normal_camera
copying /home/gb/camera/build/normal_camera/build/lib/normal_camera/__init__.py -> /home/gb/camera/install/normal_camera/lib/python3.10/site-packages/normal_camera
copying /home/gb/camera/build/normal_camera/build/lib/normal_camera/camera_6_publisher.py -> /home/gb/camera/install/normal_camera/lib/python3.10/site-packages/normal_camera
byte-compiling /home/gb/camera/install/normal_camera/lib/python3.10/site-packages/normal_camera/grid_viewer.py to grid_viewer.cpython-310.pyc
byte-compiling /home/gb/camera/install/normal_camera/lib/python3.10/site-packages/normal_camera/camera_4_publisher.py to camera_4_publisher.cpython-310.pyc
byte-compiling /home/gb/camera/install/normal_camera/lib/python3.10/site-packages/normal_camera/camera_2_publisher.py to camera_2_publisher.cpython-310.pyc
byte-compiling /home/gb/camera/install/normal_camera/lib/python3.10/site-packages/normal_camera/camera_0_publisher.py to camera_0_publisher.cpython-310.pyc
byte-compiling /home/gb/camera/install/normal_camera/lib/python3.10/site-packages/normal_camera/__init__.py to __init__.cpython-310.pyc
byte-compiling /home/gb/camera/install/normal_camera/lib/python3.10/site-packages/normal_camera/camera_6_publisher.py to camera_6_publisher.cpython-310.pyc
running install_data
copying resource/normal_camera -> /home/gb/camera/install/normal_camera/share/ament_index/resource_index/packages
copying package.xml -> /home/gb/camera/install/normal_camera/share/normal_camera
copying launch/grid_2x2_launch.py -> /home/gb/camera/install/normal_camera/share/normal_camera/launch
running install_egg_info
Copying ../../build/normal_camera/normal_camera.egg-info to /home/gb/camera/install/normal_camera/lib/python3.10/site-packages/normal_camera-0.1.0-py3.10.egg-info
running install_scripts
Installing camera_0_publisher script to /home/gb/camera/install/normal_camera/lib/normal_camera
Installing camera_2_publisher script to /home/gb/camera/install/normal_camera/lib/normal_camera
Installing camera_4_publisher script to /home/gb/camera/install/normal_camera/lib/normal_camera
Installing camera_6_publisher script to /home/gb/camera/install/normal_camera/lib/normal_camera
Installing grid_viewer script to /home/gb/camera/install/normal_camera/lib/normal_camera
writing list of installed files to '/home/gb/camera/build/normal_camera/install.log'
