[0.755s] Invoking command in '/home/gb/camera/build/camera': PYTHONPATH=/home/gb/camera/build/camera/prefix_override:/usr/lib/python3/dist-packages/colcon_core/task/python/colcon_distutils_commands:/home/gb/camera/install/camera/lib/python3.10/site-packages:${PYTHONPATH} /usr/bin/python3 -W ignore:setup.py install is deprecated -W ignore:easy_install command is deprecated setup.py develop --uninstall --editable --build-directory /home/gb/camera/build/camera/build
[0.919s] running develop
[1.043s] Removing /home/gb/camera/install/camera/lib/python3.10/site-packages/camera.egg-link (link to .)
[1.075s] Invoked command in '/home/gb/camera/build/camera' returned '0': PYTHONPATH=/home/gb/camera/build/camera/prefix_override:/usr/lib/python3/dist-packages/colcon_core/task/python/colcon_distutils_commands:/home/gb/camera/install/camera/lib/python3.10/site-packages:${PYTHONPATH} /usr/bin/python3 -W ignore:setup.py install is deprecated -W ignore:easy_install command is deprecated setup.py develop --uninstall --editable --build-directory /home/gb/camera/build/camera/build
[1.075s] Invoking command in '/home/gb/camera/src/camera': PYTHONPATH=/home/gb/camera/build/camera/prefix_override:/usr/lib/python3/dist-packages/colcon_core/task/python/colcon_distutils_commands:/home/gb/camera/install/camera/lib/python3.10/site-packages:${PYTHONPATH} /usr/bin/python3 -W ignore:setup.py install is deprecated -W ignore:easy_install command is deprecated setup.py egg_info --egg-base ../../build/camera build --build-base /home/gb/camera/build/camera/build install --record /home/gb/camera/build/camera/install.log --single-version-externally-managed install_data --force
[1.231s] running egg_info
[1.231s] writing ../../build/camera/camera.egg-info/PKG-INFO
[1.231s] writing dependency_links to ../../build/camera/camera.egg-info/dependency_links.txt
[1.232s] writing entry points to ../../build/camera/camera.egg-info/entry_points.txt
[1.232s] writing requirements to ../../build/camera/camera.egg-info/requires.txt
[1.232s] writing top-level names to ../../build/camera/camera.egg-info/top_level.txt
[1.233s] reading manifest file '../../build/camera/camera.egg-info/SOURCES.txt'
[1.233s] writing manifest file '../../build/camera/camera.egg-info/SOURCES.txt'
[1.233s] running build
[1.233s] running build_py
[1.233s] creating /home/gb/camera/build/camera/build
[1.233s] creating /home/gb/camera/build/camera/build/lib
[1.233s] creating /home/gb/camera/build/camera/build/lib/camera
[1.234s] copying camera/stereo_stitch_6.py -> /home/gb/camera/build/camera/build/lib/camera
[1.234s] copying camera/stereo_stitch_2.py -> /home/gb/camera/build/camera/build/lib/camera
[1.234s] copying camera/stereo_stitch_0.py -> /home/gb/camera/build/camera/build/lib/camera
[1.234s] copying camera/stereo_stitch_4.py -> /home/gb/camera/build/camera/build/lib/camera
[1.234s] copying camera/__init__.py -> /home/gb/camera/build/camera/build/lib/camera
[1.234s] copying camera/combined_view_node.py -> /home/gb/camera/build/camera/build/lib/camera
[1.234s] running install
[1.234s] running install_lib
[1.235s] creating /home/gb/camera/install/camera/lib/python3.10/site-packages/camera
[1.235s] copying /home/gb/camera/build/camera/build/lib/camera/stereo_stitch_6.py -> /home/gb/camera/install/camera/lib/python3.10/site-packages/camera
[1.235s] copying /home/gb/camera/build/camera/build/lib/camera/stereo_stitch_2.py -> /home/gb/camera/install/camera/lib/python3.10/site-packages/camera
[1.235s] copying /home/gb/camera/build/camera/build/lib/camera/stereo_stitch_0.py -> /home/gb/camera/install/camera/lib/python3.10/site-packages/camera
[1.235s] copying /home/gb/camera/build/camera/build/lib/camera/stereo_stitch_4.py -> /home/gb/camera/install/camera/lib/python3.10/site-packages/camera
[1.235s] copying /home/gb/camera/build/camera/build/lib/camera/__init__.py -> /home/gb/camera/install/camera/lib/python3.10/site-packages/camera
[1.236s] copying /home/gb/camera/build/camera/build/lib/camera/combined_view_node.py -> /home/gb/camera/install/camera/lib/python3.10/site-packages/camera
[1.236s] byte-compiling /home/gb/camera/install/camera/lib/python3.10/site-packages/camera/stereo_stitch_6.py to stereo_stitch_6.cpython-310.pyc
[1.238s] byte-compiling /home/gb/camera/install/camera/lib/python3.10/site-packages/camera/stereo_stitch_2.py to stereo_stitch_2.cpython-310.pyc
[1.240s] byte-compiling /home/gb/camera/install/camera/lib/python3.10/site-packages/camera/stereo_stitch_0.py to stereo_stitch_0.cpython-310.pyc
[1.241s] byte-compiling /home/gb/camera/install/camera/lib/python3.10/site-packages/camera/stereo_stitch_4.py to stereo_stitch_4.cpython-310.pyc
[1.243s] byte-compiling /home/gb/camera/install/camera/lib/python3.10/site-packages/camera/__init__.py to __init__.cpython-310.pyc
[1.243s] byte-compiling /home/gb/camera/install/camera/lib/python3.10/site-packages/camera/combined_view_node.py to combined_view_node.cpython-310.pyc
[1.244s] running install_data
[1.244s] copying resource/camera -> /home/gb/camera/install/camera/share/ament_index/resource_index/packages
[1.244s] copying package.xml -> /home/gb/camera/install/camera/share/camera
[1.244s] copying launch/stereo_cameras_launch.py -> /home/gb/camera/install/camera/share/camera/launch
[1.244s] running install_egg_info
[1.246s] Copying ../../build/camera/camera.egg-info to /home/gb/camera/install/camera/lib/python3.10/site-packages/camera-0.0.1-py3.10.egg-info
[1.246s] running install_scripts
[1.260s] Installing combined_view script to /home/gb/camera/install/camera/lib/camera
[1.260s] Installing stereo_stitch_0 script to /home/gb/camera/install/camera/lib/camera
[1.260s] Installing stereo_stitch_2 script to /home/gb/camera/install/camera/lib/camera
[1.260s] Installing stereo_stitch_4 script to /home/gb/camera/install/camera/lib/camera
[1.260s] Installing stereo_stitch_6 script to /home/gb/camera/install/camera/lib/camera
[1.261s] writing list of installed files to '/home/gb/camera/build/camera/install.log'
[1.283s] Invoked command in '/home/gb/camera/src/camera' returned '0': PYTHONPATH=/home/gb/camera/build/camera/prefix_override:/usr/lib/python3/dist-packages/colcon_core/task/python/colcon_distutils_commands:/home/gb/camera/install/camera/lib/python3.10/site-packages:${PYTHONPATH} /usr/bin/python3 -W ignore:setup.py install is deprecated -W ignore:easy_install command is deprecated setup.py egg_info --egg-base ../../build/camera build --build-base /home/gb/camera/build/camera/build install --record /home/gb/camera/build/camera/install.log --single-version-externally-managed install_data --force
