[0.951s] Invoking command in '/home/gb/camera/build/normal_camera': PYTHONPATH=/home/gb/camera/build/normal_camera/prefix_override:/usr/lib/python3/dist-packages/colcon_core/task/python/colcon_distutils_commands:/home/gb/camera/install/normal_camera/lib/python3.10/site-packages:${PYTHONPATH} VIRTUAL_ENV_PROMPT=(venv) /usr/bin/python3 -W ignore:setup.py install is deprecated -W ignore:easy_install command is deprecated setup.py develop --editable --build-directory /home/gb/camera/build/normal_camera/build --no-deps symlink_data
[1.126s] running develop
[1.252s] running egg_info
[1.253s] writing normal_camera.egg-info/PKG-INFO
[1.253s] writing dependency_links to normal_camera.egg-info/dependency_links.txt
[1.253s] writing entry points to normal_camera.egg-info/entry_points.txt
[1.253s] writing requirements to normal_camera.egg-info/requires.txt
[1.253s] writing top-level names to normal_camera.egg-info/top_level.txt
[1.254s] reading manifest file 'normal_camera.egg-info/SOURCES.txt'
[1.254s] writing manifest file 'normal_camera.egg-info/SOURCES.txt'
[1.255s] running build_ext
[1.256s] Creating /home/gb/camera/install/normal_camera/lib/python3.10/site-packages/normal-camera.egg-link (link to .)
[1.256s] Installing camera_0_publisher script to /home/gb/camera/install/normal_camera/lib/normal_camera
[1.256s] Installing camera_2_publisher script to /home/gb/camera/install/normal_camera/lib/normal_camera
[1.256s] Installing camera_4_publisher script to /home/gb/camera/install/normal_camera/lib/normal_camera
[1.256s] Installing camera_6_publisher script to /home/gb/camera/install/normal_camera/lib/normal_camera
[1.256s] Installing grid_viewer script to /home/gb/camera/install/normal_camera/lib/normal_camera
[1.256s] 
[1.256s] Installed /home/gb/camera/build/normal_camera
[1.257s] running symlink_data
[1.293s] Invoked command in '/home/gb/camera/build/normal_camera' returned '0': PYTHONPATH=/home/gb/camera/build/normal_camera/prefix_override:/usr/lib/python3/dist-packages/colcon_core/task/python/colcon_distutils_commands:/home/gb/camera/install/normal_camera/lib/python3.10/site-packages:${PYTHONPATH} VIRTUAL_ENV_PROMPT=(venv) /usr/bin/python3 -W ignore:setup.py install is deprecated -W ignore:easy_install command is deprecated setup.py develop --editable --build-directory /home/gb/camera/build/normal_camera/build --no-deps symlink_data
